{"C:\\redux-app\\src\\App.js": {"path":"C:\\redux-app\\src\\App.js","statementMap":{"0":{"start":{"line":5,"column":2},"end":{"line":22,"column":4}}},"fnMap":{"0":{"name":"App","decl":{"start":{"line":4,"column":9},"end":{"line":4,"column":12}},"loc":{"start":{"line":4,"column":15},"end":{"line":23,"column":1}},"line":4}},"branchMap":{},"s":{"0":0},"f":{"0":0},"b":{}}
,"C:\\redux-app\\src\\index.js": {"path":"C:\\redux-app\\src\\index.js","statementMap":{"0":{"start":{"line":75,"column":19},"end":{"line":80,"column":1}},"1":{"start":{"line":82,"column":16},"end":{"line":95,"column":1}},"2":{"start":{"line":83,"column":2},"end":{"line":93,"column":3}},"3":{"start":{"line":85,"column":6},"end":{"line":85,"column":39}},"4":{"start":{"line":88,"column":6},"end":{"line":88,"column":78}},"5":{"start":{"line":91,"column":6},"end":{"line":91,"column":79}},"6":{"start":{"line":94,"column":2},"end":{"line":94,"column":14}},"7":{"start":{"line":97,"column":14},"end":{"line":97,"column":87}},"8":{"start":{"line":99,"column":0},"end":{"line":101,"column":2}},"9":{"start":{"line":100,"column":4},"end":{"line":100,"column":52}},"10":{"start":{"line":103,"column":0},"end":{"line":112,"column":2}},"11":{"start":{"line":104,"column":2},"end":{"line":104,"column":38}},"12":{"start":{"line":105,"column":2},"end":{"line":111,"column":4}},"13":{"start":{"line":107,"column":4},"end":{"line":107,"column":61}},"14":{"start":{"line":110,"column":4},"end":{"line":110,"column":56}}},"fnMap":{"0":{"name":"(anonymous_0)","decl":{"start":{"line":82,"column":16},"end":{"line":82,"column":17}},"loc":{"start":{"line":82,"column":48},"end":{"line":95,"column":1}},"line":82},"1":{"name":"(anonymous_1)","decl":{"start":{"line":99,"column":16},"end":{"line":99,"column":17}},"loc":{"start":{"line":99,"column":22},"end":{"line":101,"column":1}},"line":99},"2":{"name":"(anonymous_2)","decl":{"start":{"line":103,"column":16},"end":{"line":103,"column":17}},"loc":{"start":{"line":103,"column":30},"end":{"line":112,"column":1}},"line":103},"3":{"name":"(anonymous_3)","decl":{"start":{"line":106,"column":8},"end":{"line":106,"column":9}},"loc":{"start":{"line":106,"column":22},"end":{"line":108,"column":3}},"line":106},"4":{"name":"(anonymous_4)","decl":{"start":{"line":109,"column":9},"end":{"line":109,"column":10}},"loc":{"start":{"line":109,"column":20},"end":{"line":111,"column":3}},"line":109}},"branchMap":{"0":{"loc":{"start":{"line":82,"column":17},"end":{"line":82,"column":35}},"type":"default-arg","locations":[{"start":{"line":82,"column":23},"end":{"line":82,"column":35}}],"line":82},"1":{"loc":{"start":{"line":83,"column":2},"end":{"line":93,"column":3}},"type":"switch","locations":[{"start":{"line":84,"column":4},"end":{"line":86,"column":5}},{"start":{"line":87,"column":4},"end":{"line":89,"column":5}},{"start":{"line":90,"column":4},"end":{"line":92,"column":5}}],"line":83}},"s":{"0":0,"1":0,"2":0,"3":0,"4":0,"5":0,"6":0,"7":0,"8":0,"9":0,"10":0,"11":0,"12":0,"13":0,"14":0},"f":{"0":0,"1":0,"2":0,"3":0,"4":0},"b":{"0":[0],"1":[0,0,0]}}
,"C:\\redux-app\\src\\reportWebVitals.js": {"path":"C:\\redux-app\\src\\reportWebVitals.js","statementMap":{"0":{"start":{"line":1,"column":24},"end":{"line":11,"column":1}},"1":{"start":{"line":2,"column":2},"end":{"line":10,"column":3}},"2":{"start":{"line":3,"column":4},"end":{"line":9,"column":7}},"3":{"start":{"line":4,"column":6},"end":{"line":4,"column":26}},"4":{"start":{"line":5,"column":6},"end":{"line":5,"column":26}},"5":{"start":{"line":6,"column":6},"end":{"line":6,"column":26}},"6":{"start":{"line":7,"column":6},"end":{"line":7,"column":26}},"7":{"start":{"line":8,"column":6},"end":{"line":8,"column":27}}},"fnMap":{"0":{"name":"(anonymous_0)","decl":{"start":{"line":1,"column":24},"end":{"line":1,"column":25}},"loc":{"start":{"line":1,"column":39},"end":{"line":11,"column":1}},"line":1},"1":{"name":"(anonymous_1)","decl":{"start":{"line":3,"column":30},"end":{"line":3,"column":31}},"loc":{"start":{"line":3,"column":79},"end":{"line":9,"column":5}},"line":3}},"branchMap":{"0":{"loc":{"start":{"line":2,"column":2},"end":{"line":10,"column":3}},"type":"if","locations":[{"start":{"line":2,"column":2},"end":{"line":10,"column":3}},{"start":{},"end":{}}],"line":2},"1":{"loc":{"start":{"line":2,"column":6},"end":{"line":2,"column":52}},"type":"binary-expr","locations":[{"start":{"line":2,"column":6},"end":{"line":2,"column":17}},{"start":{"line":2,"column":21},"end":{"line":2,"column":52}}],"line":2}},"s":{"0":0,"1":0,"2":0,"3":0,"4":0,"5":0,"6":0,"7":0},"f":{"0":0,"1":0},"b":{"0":[0,0],"1":[0,0]}}
,"C:\\redux-app\\src\\actions\\calculatorActions.js": {"path":"C:\\redux-app\\src\\actions\\calculatorActions.js","statementMap":{"0":{"start":{"line":3,"column":25},"end":{"line":7,"column":1}},"1":{"start":{"line":6,"column":4},"end":{"line":6,"column":53}},"2":{"start":{"line":9,"column":30},"end":{"line":11,"column":1}},"3":{"start":{"line":10,"column":4},"end":{"line":10,"column":60}}},"fnMap":{"0":{"name":"(anonymous_0)","decl":{"start":{"line":3,"column":25},"end":{"line":3,"column":26}},"loc":{"start":{"line":3,"column":45},"end":{"line":7,"column":1}},"line":3},"1":{"name":"(anonymous_1)","decl":{"start":{"line":9,"column":30},"end":{"line":9,"column":31}},"loc":{"start":{"line":9,"column":50},"end":{"line":11,"column":1}},"line":9}},"branchMap":{},"s":{"0":1,"1":1,"2":1,"3":1},"f":{"0":1,"1":1},"b":{},"_coverageSchema":"1a1c01bbd47fc00a2c39e90264f33305004495a9","hash":"03ad99150342a51e9a7eb0719220f669b1808778"}
,"C:\\redux-app\\src\\actions\\types.js": {"path":"C:\\redux-app\\src\\actions\\types.js","statementMap":{"0":{"start":{"line":1,"column":26},"end":{"line":1,"column":38}},"1":{"start":{"line":2,"column":31},"end":{"line":2,"column":48}}},"fnMap":{},"branchMap":{},"s":{"0":2,"1":2},"f":{},"b":{},"_coverageSchema":"1a1c01bbd47fc00a2c39e90264f33305004495a9","hash":"7fa461acb74b1cd474210221341488418c68c85a"}
,"C:\\redux-app\\src\\containers\\Calculator.js": {"path":"C:\\redux-app\\src\\containers\\Calculator.js","statementMap":{"0":{"start":{"line":6,"column":4},"end":{"line":8,"column":11}}},"fnMap":{"0":{"name":"(anonymous_0)","decl":{"start":{"line":5,"column":2},"end":{"line":5,"column":3}},"loc":{"start":{"line":5,"column":11},"end":{"line":9,"column":3}},"line":5}},"branchMap":{},"s":{"0":0},"f":{"0":0},"b":{}}
,"C:\\redux-app\\src\\reducers\\calculatorReducer.js": {"path":"C:\\redux-app\\src\\reducers\\calculatorReducer.js","statementMap":{"0":{"start":{"line":4,"column":21},"end":{"line":4,"column":34}},"1":{"start":{"line":6,"column":26},"end":{"line":14,"column":1}},"2":{"start":{"line":7,"column":4},"end":{"line":13,"column":5}},"3":{"start":{"line":9,"column":12},"end":{"line":9,"column":55}},"4":{"start":{"line":11,"column":12},"end":{"line":11,"column":55}},"5":{"start":{"line":12,"column":17},"end":{"line":12,"column":36}}},"fnMap":{"0":{"name":"(anonymous_0)","decl":{"start":{"line":6,"column":26},"end":{"line":6,"column":27}},"loc":{"start":{"line":6,"column":60},"end":{"line":14,"column":1}},"line":6}},"branchMap":{"0":{"loc":{"start":{"line":6,"column":27},"end":{"line":6,"column":47}},"type":"default-arg","locations":[{"start":{"line":6,"column":35},"end":{"line":6,"column":47}}],"line":6},"1":{"loc":{"start":{"line":7,"column":4},"end":{"line":13,"column":5}},"type":"switch","locations":[{"start":{"line":8,"column":8},"end":{"line":9,"column":55}},{"start":{"line":10,"column":8},"end":{"line":11,"column":55}},{"start":{"line":12,"column":8},"end":{"line":12,"column":36}}],"line":7}},"s":{"0":1,"1":1,"2":2,"3":1,"4":1,"5":0},"f":{"0":2},"b":{"0":[0],"1":[1,1,0]},"_coverageSchema":"1a1c01bbd47fc00a2c39e90264f33305004495a9","hash":"6e78593b168344fc5d43349b37b3f9c03db5a3a9"}
,"C:\\redux-app\\src\\reducers\\index.js": {"path":"C:\\redux-app\\src\\reducers\\index.js","statementMap":{},"fnMap":{},"branchMap":{},"s":{},"f":{},"b":{}}
,"C:\\redux-app\\src\\store\\store.js": {"path":"C:\\redux-app\\src\\store\\store.js","statementMap":{"0":{"start":{"line":9,"column":21},"end":{"line":9,"column":97}}},"fnMap":{},"branchMap":{},"s":{"0":0},"f":{},"b":{}}
}
